<?xml version="1.0" encoding="UTF-8"?>
<!-- Generated by org.testng.reporters.JUnitXMLReporter -->
<testsuite hostname="Yaiphaba-PC" name="Test" tests="1" failures="1" timestamp="19 Oct 2016 15:19:54 GMT" time="46.504" errors="0">
  <testcase name="test" time="46.491" classname="pack.Google">
    <failure type="org.openqa.selenium.WebDriverException" message="Failed to connect to binary FirefoxBinary(C:\Program Files (x86)\Mozilla Firefox\firefox.exe) on port 7055; process output follows: 
te&amp;quot;:2,&amp;quot;seen&amp;quot;:true}
1476890350059	addons.xpi	DEBUG	Updating XPIState for {&amp;quot;id&amp;quot;:&amp;quot;sp@avast.com&amp;quot;,&amp;quot;syncGUID&amp;quot;:&amp;quot;L_9XaSel-tut&amp;quot;,&amp;quot;location&amp;quot;:&amp;quot;winreg-app-global&amp;quot;,&amp;quot;version&amp;quot;:&amp;quot;10.3.5.39&amp;quot;,&amp;quot;type&amp;quot;:&amp;quot;extension&amp;quot;,&amp;quot;internalName&amp;quot;:null,&amp;quot;updateURL&amp;quot;:null,&amp;quot;updateKey&amp;quot;:null,&amp;quot;optionsURL&amp;quot;:null,&amp;quot;optionsType&amp;quot;:null,&amp;quot;aboutURL&amp;quot;:null,&amp;quot;icons&amp;quot;:{},&amp;quot;iconURL&amp;quot;:&amp;quot;chrome://sp/content/common/skin/img/logo-safeprice-48.png&amp;quot;,&amp;quot;icon64URL&amp;quot;:null,&amp;quot;defaultLocale&amp;quot;:{&amp;quot;name&amp;quot;:&amp;quot;Avast SafePrice&amp;quot;,&amp;quot;description&amp;quot;:&amp;quot;Safe shopping extension&amp;quot;,&amp;quot;creator&amp;quot;:&amp;quot;AVAST Software&amp;quot;,&amp;quot;homepageURL&amp;quot;:&amp;quot;http://www.avast.com/&amp;quot;},&amp;quot;visible&amp;quot;:true,&amp;quot;active&amp;quot;:false,&amp;quot;userDisabled&amp;quot;:true,&amp;quot;appDisabled&amp;quot;:false,&amp;quot;descriptor&amp;quot;:&amp;quot;C:\\Program Files\\AVAST Software\\Avast\\SafePrice\\FF&amp;quot;,&amp;quot;installDate&amp;quot;:1472631715234,&amp;quot;updateDate&amp;quot;:1472631715234,&amp;quot;applyBackgroundUpdates&amp;quot;:1,&amp;quot;bootstrap&amp;quot;:true,&amp;quot;skinnable&amp;quot;:false,&amp;quot;size&amp;quot;:1877359,&amp;quot;sourceURI&amp;quot;:null,&amp;quot;releaseNotesURI&amp;quot;:null,&amp;quot;softDisabled&amp;quot;:false,&amp;quot;foreignInstall&amp;quot;:true,&amp;quot;hasBinaryComponents&amp;quot;:false,&amp;quot;strictCompatibility&amp;quot;:false,&amp;quot;locales&amp;quot;:[],&amp;quot;targetApplications&amp;quot;:[{&amp;quot;id&amp;quot;:&amp;quot;{ec8030f7-c20a-464f-9b0e-13a3a9e97384}&amp;quot;,&amp;quot;minVersion&amp;quot;:&amp;quot;38.0a1&amp;quot;,&amp;quot;maxVersion&amp;quot;:&amp;quot;43.0&amp;quot;}],&amp;quot;targetPlatforms&amp;quot;:[],&amp;quot;multiprocessCompatible&amp;quot;:false,&amp;quot;signedState&amp;quot;:2,&amp;quot;seen&amp;quot;:true}
1476890350060	DeferredSave.extensions.json	DEBUG	Save changes
1476890350060	addons.xpi	DEBUG	Updating database with changes to installed add-ons
1476890350060	addons.xpi-utils	DEBUG	Updating add-on states
1476890350061	addons.xpi-utils	DEBUG	Writing add-ons list
1476890350063	addons.xpi	DEBUG	Registering manifest for C:\Program Files (x86)\Mozilla Firefox\browser\features\e10srollout@mozilla.org.xpi
1476890350064	addons.xpi	DEBUG	Calling bootstrap method startup on e10srollout@mozilla.org version 1.0
1476890350064	addons.xpi	DEBUG	Registering manifest for C:\Program Files (x86)\Mozilla Firefox\browser\features\firefox@getpocket.com.xpi
1476890350064	addons.xpi	DEBUG	Calling bootstrap method startup on firefox@getpocket.com version 1.0
1476890350065	addons.xpi	DEBUG	Registering manifest for C:\Program Files (x86)\Mozilla Firefox\browser\features\loop@mozilla.org.xpi
1476890350065	addons.xpi	DEBUG	Calling bootstrap method startup on loop@mozilla.org version 1.2.6
1476890350079	addons.manager	DEBUG	Registering shutdown blocker for XPIProvider
1476890350079	addons.manager	DEBUG	Provider finished startup: XPIProvider
1476890350079	addons.manager	DEBUG	Starting provider: LightweightThemeManager
1476890350079	addons.manager	DEBUG	Registering shutdown blocker for LightweightThemeManager
1476890350080	addons.manager	DEBUG	Provider finished startup: LightweightThemeManager
1476890350080	addons.manager	DEBUG	Starting provider: GMPProvider
1476890350084	addons.manager	DEBUG	Registering shutdown blocker for GMPProvider
1476890350084	addons.manager	DEBUG	Provider finished startup: GMPProvider
1476890350084	addons.manager	DEBUG	Starting provider: PluginProvider
1476890350084	addons.manager	DEBUG	Registering shutdown blocker for PluginProvider
1476890350084	addons.manager	DEBUG	Provider finished startup: PluginProvider
1476890350084	addons.manager	DEBUG	Completed startup sequence
1476890351607	DeferredSave.extensions.json	DEBUG	Starting timer
1476890351620	addons.manager	DEBUG	Starting provider: &amp;lt;unnamed-provider&amp;gt;
1476890351621	addons.manager	DEBUG	Registering shutdown blocker for &amp;lt;unnamed-provider&amp;gt;
1476890351621	addons.manager	DEBUG	Provider finished startup: &amp;lt;unnamed-provider&amp;gt;
1476890351641	DeferredSave.extensions.json	DEBUG	Starting write
1476890351715	addons.repository	DEBUG	No addons.json found.
1476890351715	DeferredSave.addons.json	DEBUG	Save changes
1476890351717	DeferredSave.addons.json	DEBUG	Starting timer
1476890351743	addons.manager	DEBUG	Starting provider: PreviousExperimentProvider
1476890351744	addons.manager	DEBUG	Registering shutdown blocker for PreviousExperimentProvider
1476890351744	addons.manager	DEBUG	Provider finished startup: PreviousExperimentProvider
1476890351796	DeferredSave.addons.json	DEBUG	Starting write
1476890351798	DeferredSave.extensions.json	DEBUG	Write succeeded
1476890351863	DeferredSave.addons.json	DEBUG	Write succeeded

Build info: version: &amp;apos;2.47.0&amp;apos;, revision: &amp;apos;0e4837e94b1fad0db93e88cd972ed3e235a22892&amp;apos;, time: &amp;apos;2015-07-29 15:58:41&amp;apos;
System info: host: &amp;apos;Yaiphaba-PC&amp;apos;, ip: &amp;apos;192.168.1.5&amp;apos;, os.name: &amp;apos;Windows 10&amp;apos;, os.arch: &amp;apos;amd64&amp;apos;, os.version: &amp;apos;10.0&amp;apos;, java.version: &amp;apos;1.8.0_77&amp;apos;
Driver info: driver.version: FirefoxDriver">
      <![CDATA[org.openqa.selenium.WebDriverException: Failed to connect to binary FirefoxBinary(C:\Program Files (x86)\Mozilla Firefox\firefox.exe) on port 7055; process output follows: 
te":2,"seen":true}
1476890350059	addons.xpi	DEBUG	Updating XPIState for {"id":"sp@avast.com","syncGUID":"L_9XaSel-tut","location":"winreg-app-global","version":"10.3.5.39","type":"extension","internalName":null,"updateURL":null,"updateKey":null,"optionsURL":null,"optionsType":null,"aboutURL":null,"icons":{},"iconURL":"chrome://sp/content/common/skin/img/logo-safeprice-48.png","icon64URL":null,"defaultLocale":{"name":"Avast SafePrice","description":"Safe shopping extension","creator":"AVAST Software","homepageURL":"http://www.avast.com/"},"visible":true,"active":false,"userDisabled":true,"appDisabled":false,"descriptor":"C:\\Program Files\\AVAST Software\\Avast\\SafePrice\\FF","installDate":1472631715234,"updateDate":1472631715234,"applyBackgroundUpdates":1,"bootstrap":true,"skinnable":false,"size":1877359,"sourceURI":null,"releaseNotesURI":null,"softDisabled":false,"foreignInstall":true,"hasBinaryComponents":false,"strictCompatibility":false,"locales":[],"targetApplications":[{"id":"{ec8030f7-c20a-464f-9b0e-13a3a9e97384}","minVersion":"38.0a1","maxVersion":"43.0"}],"targetPlatforms":[],"multiprocessCompatible":false,"signedState":2,"seen":true}
1476890350060	DeferredSave.extensions.json	DEBUG	Save changes
1476890350060	addons.xpi	DEBUG	Updating database with changes to installed add-ons
1476890350060	addons.xpi-utils	DEBUG	Updating add-on states
1476890350061	addons.xpi-utils	DEBUG	Writing add-ons list
1476890350063	addons.xpi	DEBUG	Registering manifest for C:\Program Files (x86)\Mozilla Firefox\browser\features\e10srollout@mozilla.org.xpi
1476890350064	addons.xpi	DEBUG	Calling bootstrap method startup on e10srollout@mozilla.org version 1.0
1476890350064	addons.xpi	DEBUG	Registering manifest for C:\Program Files (x86)\Mozilla Firefox\browser\features\firefox@getpocket.com.xpi
1476890350064	addons.xpi	DEBUG	Calling bootstrap method startup on firefox@getpocket.com version 1.0
1476890350065	addons.xpi	DEBUG	Registering manifest for C:\Program Files (x86)\Mozilla Firefox\browser\features\loop@mozilla.org.xpi
1476890350065	addons.xpi	DEBUG	Calling bootstrap method startup on loop@mozilla.org version 1.2.6
1476890350079	addons.manager	DEBUG	Registering shutdown blocker for XPIProvider
1476890350079	addons.manager	DEBUG	Provider finished startup: XPIProvider
1476890350079	addons.manager	DEBUG	Starting provider: LightweightThemeManager
1476890350079	addons.manager	DEBUG	Registering shutdown blocker for LightweightThemeManager
1476890350080	addons.manager	DEBUG	Provider finished startup: LightweightThemeManager
1476890350080	addons.manager	DEBUG	Starting provider: GMPProvider
1476890350084	addons.manager	DEBUG	Registering shutdown blocker for GMPProvider
1476890350084	addons.manager	DEBUG	Provider finished startup: GMPProvider
1476890350084	addons.manager	DEBUG	Starting provider: PluginProvider
1476890350084	addons.manager	DEBUG	Registering shutdown blocker for PluginProvider
1476890350084	addons.manager	DEBUG	Provider finished startup: PluginProvider
1476890350084	addons.manager	DEBUG	Completed startup sequence
1476890351607	DeferredSave.extensions.json	DEBUG	Starting timer
1476890351620	addons.manager	DEBUG	Starting provider: <unnamed-provider>
1476890351621	addons.manager	DEBUG	Registering shutdown blocker for <unnamed-provider>
1476890351621	addons.manager	DEBUG	Provider finished startup: <unnamed-provider>
1476890351641	DeferredSave.extensions.json	DEBUG	Starting write
1476890351715	addons.repository	DEBUG	No addons.json found.
1476890351715	DeferredSave.addons.json	DEBUG	Save changes
1476890351717	DeferredSave.addons.json	DEBUG	Starting timer
1476890351743	addons.manager	DEBUG	Starting provider: PreviousExperimentProvider
1476890351744	addons.manager	DEBUG	Registering shutdown blocker for PreviousExperimentProvider
1476890351744	addons.manager	DEBUG	Provider finished startup: PreviousExperimentProvider
1476890351796	DeferredSave.addons.json	DEBUG	Starting write
1476890351798	DeferredSave.extensions.json	DEBUG	Write succeeded
1476890351863	DeferredSave.addons.json	DEBUG	Write succeeded

Build info: version: '2.47.0', revision: '0e4837e94b1fad0db93e88cd972ed3e235a22892', time: '2015-07-29 15:58:41'
System info: host: 'Yaiphaba-PC', ip: '192.168.1.5', os.name: 'Windows 10', os.arch: 'amd64', os.version: '10.0', java.version: '1.8.0_77'
Driver info: driver.version: FirefoxDriver
	at org.openqa.selenium.firefox.internal.NewProfileExtensionConnection.start(NewProfileExtensionConnection.java:134)
	at org.openqa.selenium.firefox.FirefoxDriver.startClient(FirefoxDriver.java:276)
	at org.openqa.selenium.remote.RemoteWebDriver.<init>(RemoteWebDriver.java:116)
	at org.openqa.selenium.firefox.FirefoxDriver.<init>(FirefoxDriver.java:221)
	at org.openqa.selenium.firefox.FirefoxDriver.<init>(FirefoxDriver.java:216)
	at org.openqa.selenium.firefox.FirefoxDriver.<init>(FirefoxDriver.java:212)
	at org.openqa.selenium.firefox.FirefoxDriver.<init>(FirefoxDriver.java:125)
	at pack.Google.test(Unknown Source)
Caused by: org.openqa.selenium.firefox.NotConnectedException: Unable to connect to host 127.0.0.1 on port 7055 after 45000 ms. Firefox console output:
te":2,"seen":true}
1476890350059	addons.xpi	DEBUG	Updating XPIState for {"id":"sp@avast.com","syncGUID":"L_9XaSel-tut","location":"winreg-app-global","version":"10.3.5.39","type":"extension","internalName":null,"updateURL":null,"updateKey":null,"optionsURL":null,"optionsType":null,"aboutURL":null,"icons":{},"iconURL":"chrome://sp/content/common/skin/img/logo-safeprice-48.png","icon64URL":null,"defaultLocale":{"name":"Avast SafePrice","description":"Safe shopping extension","creator":"AVAST Software","homepageURL":"http://www.avast.com/"},"visible":true,"active":false,"userDisabled":true,"appDisabled":false,"descriptor":"C:\\Program Files\\AVAST Software\\Avast\\SafePrice\\FF","installDate":1472631715234,"updateDate":1472631715234,"applyBackgroundUpdates":1,"bootstrap":true,"skinnable":false,"size":1877359,"sourceURI":null,"releaseNotesURI":null,"softDisabled":false,"foreignInstall":true,"hasBinaryComponents":false,"strictCompatibility":false,"locales":[],"targetApplications":[{"id":"{ec8030f7-c20a-464f-9b0e-13a3a9e97384}","minVersion":"38.0a1","maxVersion":"43.0"}],"targetPlatforms":[],"multiprocessCompatible":false,"signedState":2,"seen":true}
1476890350060	DeferredSave.extensions.json	DEBUG	Save changes
1476890350060	addons.xpi	DEBUG	Updating database with changes to installed add-ons
1476890350060	addons.xpi-utils	DEBUG	Updating add-on states
1476890350061	addons.xpi-utils	DEBUG	Writing add-ons list
1476890350063	addons.xpi	DEBUG	Registering manifest for C:\Program Files (x86)\Mozilla Firefox\browser\features\e10srollout@mozilla.org.xpi
1476890350064	addons.xpi	DEBUG	Calling bootstrap method startup on e10srollout@mozilla.org version 1.0
1476890350064	addons.xpi	DEBUG	Registering manifest for C:\Program Files (x86)\Mozilla Firefox\browser\features\firefox@getpocket.com.xpi
1476890350064	addons.xpi	DEBUG	Calling bootstrap method startup on firefox@getpocket.com version 1.0
1476890350065	addons.xpi	DEBUG	Registering manifest for C:\Program Files (x86)\Mozilla Firefox\browser\features\loop@mozilla.org.xpi
1476890350065	addons.xpi	DEBUG	Calling bootstrap method startup on loop@mozilla.org version 1.2.6
1476890350079	addons.manager	DEBUG	Registering shutdown blocker for XPIProvider
1476890350079	addons.manager	DEBUG	Provider finished startup: XPIProvider
1476890350079	addons.manager	DEBUG	Starting provider: LightweightThemeManager
1476890350079	addons.manager	DEBUG	Registering shutdown blocker for LightweightThemeManager
1476890350080	addons.manager	DEBUG	Provider finished startup: LightweightThemeManager
1476890350080	addons.manager	DEBUG	Starting provider: GMPProvider
1476890350084	addons.manager	DEBUG	Registering shutdown blocker for GMPProvider
1476890350084	addons.manager	DEBUG	Provider finished startup: GMPProvider
1476890350084	addons.manager	DEBUG	Starting provider: PluginProvider
1476890350084	addons.manager	DEBUG	Registering shutdown blocker for PluginProvider
1476890350084	addons.manager	DEBUG	Provider finished startup: PluginProvider
1476890350084	addons.manager	DEBUG	Completed startup sequence
1476890351607	DeferredSave.extensions.json	DEBUG	Starting timer
1476890351620	addons.manager	DEBUG	Starting provider: <unnamed-provider>
1476890351621	addons.manager	DEBUG	Registering shutdown blocker for <unnamed-provider>
1476890351621	addons.manager	DEBUG	Provider finished startup: <unnamed-provider>
1476890351641	DeferredSave.extensions.json	DEBUG	Starting write
1476890351715	addons.repository	DEBUG	No addons.json found.
1476890351715	DeferredSave.addons.json	DEBUG	Save changes
1476890351717	DeferredSave.addons.json	DEBUG	Starting timer
1476890351743	addons.manager	DEBUG	Starting provider: PreviousExperimentProvider
1476890351744	addons.manager	DEBUG	Registering shutdown blocker for PreviousExperimentProvider
1476890351744	addons.manager	DEBUG	Provider finished startup: PreviousExperimentProvider
1476890351796	DeferredSave.addons.json	DEBUG	Starting write
1476890351798	DeferredSave.extensions.json	DEBUG	Write succeeded
1476890351863	DeferredSave.addons.json	DEBUG	Write succeeded

	at org.openqa.selenium.firefox.internal.NewProfileExtensionConnection.start(NewProfileExtensionConnection.java:122)
	... 30 more
... Removed 23 stack frames]]>
    </failure>
  </testcase> <!-- test -->
</testsuite> <!-- Test -->
