<?xml version="1.0" encoding="UTF-8"?>
<testng-results skipped="0" failed="0" total="1" passed="1">
  <reporter-output>
  </reporter-output>
  <suite name="Default suite" duration-ms="7671" started-at="2016-10-19T14:39:16Z" finished-at="2016-10-19T14:39:23Z">
    <groups>
    </groups>
    <test name="Default test" duration-ms="7671" started-at="2016-10-19T14:39:16Z" finished-at="2016-10-19T14:39:23Z">
      <class name="pack.Google">
        <test-method status="PASS" signature="test()[pri:0, instance:pack.Google@8bd1b6a]" name="test" duration-ms="7654" started-at="2016-10-19T20:09:16Z" finished-at="2016-10-19T20:09:23Z">
          <reporter-output>
          </reporter-output>
        </test-method> <!-- test -->
      </class> <!-- pack.Google -->
    </test> <!-- Default test -->
  </suite> <!-- Default suite -->
</testng-results>
