<?xml version="1.0" encoding="UTF-8"?>
<testng-results skipped="0" failed="0" total="1" passed="1">
  <reporter-output>
  </reporter-output>
  <suite name="Suite" duration-ms="7779" started-at="2016-10-19T15:16:47Z" finished-at="2016-10-19T15:16:55Z">
    <groups>
    </groups>
    <test name="Test" duration-ms="7779" started-at="2016-10-19T15:16:47Z" finished-at="2016-10-19T15:16:55Z">
      <class name="pack.Google">
        <test-method status="PASS" signature="test()[pri:0, instance:pack.Google@8bd1b6a]" name="test" duration-ms="7767" started-at="2016-10-19T20:46:47Z" finished-at="2016-10-19T20:46:55Z">
          <reporter-output>
          </reporter-output>
        </test-method> <!-- test -->
      </class> <!-- pack.Google -->
    </test> <!-- Test -->
  </suite> <!-- Suite -->
</testng-results>
